[debug] [2023-05-03T02:58:59.344Z] ----------------------------------------------------------------------
[debug] [2023-05-03T02:58:59.350Z] Command:       C:\Program Files\nodejs\node.exe C:\Users\links\AppData\Roaming\npm\node_modules\firebase-tools\lib\bin\firebase.js deploy
[debug] [2023-05-03T02:58:59.351Z] CLI Version:   11.19.0
[debug] [2023-05-03T02:58:59.352Z] Platform:      win32
[debug] [2023-05-03T02:58:59.352Z] Node Version:  v14.20.1
[debug] [2023-05-03T02:58:59.364Z] Time:          Tue May 02 2023 22:58:59 GMT-0400 (Eastern Daylight Time)
[debug] [2023-05-03T02:58:59.364Z] ----------------------------------------------------------------------
[debug] 
[debug] [2023-05-03T02:58:59.392Z] >>> [apiv2][query] GET https://firebase-public.firebaseio.com/cli.json [none]
[debug] [2023-05-03T02:58:59.567Z] Field ".hosting" in "firebase.json" is possibly invalid: should be object
[debug] [2023-05-03T02:58:59.567Z] Object ".hosting[0]" in "firebase.json" is missing required property: {"missingProperty":"target"}
[debug] [2023-05-03T02:58:59.568Z] Object ".hosting[0]" in "firebase.json" is missing required property: {"missingProperty":"site"}
[debug] [2023-05-03T02:58:59.568Z] Field ".hosting[0]" in "firebase.json" is possibly invalid: should match some schema in anyOf
[debug] [2023-05-03T02:58:59.568Z] Field ".hosting" in "firebase.json" is possibly invalid: should match some schema in anyOf
[debug] [2023-05-03T02:58:59.587Z] > command requires scopes: ["email","openid","https://www.googleapis.com/auth/cloudplatformprojects.readonly","https://www.googleapis.com/auth/firebase","https://www.googleapis.com/auth/cloud-platform"]
[debug] [2023-05-03T02:58:59.588Z] > authorizing via signed-in user (pemetaskpwd@gmail.com)
[debug] [2023-05-03T02:58:59.588Z] [iam] checking project dashboard-33d8e for permissions ["datastore.indexes.create","datastore.indexes.delete","datastore.indexes.list","datastore.indexes.update","firebase.projects.get","firebasedatabase.instances.update","firebasehosting.sites.update"]
[debug] [2023-05-03T02:58:59.590Z] > refreshing access token with scopes: []
[debug] [2023-05-03T02:58:59.592Z] >>> [apiv2][query] POST https://www.googleapis.com/oauth2/v3/token [none]
[debug] [2023-05-03T02:58:59.593Z] >>> [apiv2][body] POST https://www.googleapis.com/oauth2/v3/token [omitted]
[debug] [2023-05-03T02:58:59.742Z] <<< [apiv2][status] GET https://firebase-public.firebaseio.com/cli.json 200
[debug] [2023-05-03T02:58:59.742Z] <<< [apiv2][body] GET https://firebase-public.firebaseio.com/cli.json {"cloudBuildErrorAfter":1594252800000,"cloudBuildWarnAfter":1590019200000,"defaultNode10After":1594252800000,"minVersion":"3.0.5","node8DeploysDisabledAfter":1613390400000,"node8RuntimeDisabledAfter":1615809600000,"node8WarnAfter":1600128000000}
[debug] [2023-05-03T02:58:59.876Z] <<< [apiv2][status] POST https://www.googleapis.com/oauth2/v3/token 200
[debug] [2023-05-03T02:58:59.877Z] <<< [apiv2][body] POST https://www.googleapis.com/oauth2/v3/token [omitted]
[debug] [2023-05-03T02:58:59.904Z] >>> [apiv2][query] POST https://cloudresourcemanager.googleapis.com/v1/projects/dashboard-33d8e:testIamPermissions [none]
[debug] [2023-05-03T02:58:59.904Z] >>> [apiv2][(partial)header] POST https://cloudresourcemanager.googleapis.com/v1/projects/dashboard-33d8e:testIamPermissions x-goog-quota-user=projects/dashboard-33d8e
[debug] [2023-05-03T02:58:59.904Z] >>> [apiv2][body] POST https://cloudresourcemanager.googleapis.com/v1/projects/dashboard-33d8e:testIamPermissions {"permissions":["datastore.indexes.create","datastore.indexes.delete","datastore.indexes.list","datastore.indexes.update","firebase.projects.get","firebasedatabase.instances.update","firebasehosting.sites.update"]}
[debug] [2023-05-03T02:59:00.271Z] <<< [apiv2][status] POST https://cloudresourcemanager.googleapis.com/v1/projects/dashboard-33d8e:testIamPermissions 200
[debug] [2023-05-03T02:59:00.272Z] <<< [apiv2][body] POST https://cloudresourcemanager.googleapis.com/v1/projects/dashboard-33d8e:testIamPermissions {"permissions":["datastore.indexes.create","datastore.indexes.delete","datastore.indexes.list","datastore.indexes.update","firebase.projects.get","firebasedatabase.instances.update","firebasehosting.sites.update"]}
[debug] [2023-05-03T02:59:00.273Z] >>> [apiv2][query] GET https://firebase.googleapis.com/v1beta1/projects/dashboard-33d8e [none]
[debug] [2023-05-03T02:59:00.682Z] <<< [apiv2][status] GET https://firebase.googleapis.com/v1beta1/projects/dashboard-33d8e 200
[debug] [2023-05-03T02:59:00.683Z] <<< [apiv2][body] GET https://firebase.googleapis.com/v1beta1/projects/dashboard-33d8e {"projectId":"dashboard-33d8e","projectNumber":"82198380910","displayName":"Dashboard","name":"projects/dashboard-33d8e","resources":{"hostingSite":"dashboard-33d8e","realtimeDatabaseInstance":"dashboard-33d8e-default-rtdb","storageBucket":"dashboard-33d8e.appspot.com","locationId":"us-central"},"state":"ACTIVE","etag":"1_1b84f329-ad4d-4ee7-89b8-2334c4b46f97"}
[debug] [2023-05-03T02:59:00.684Z] >>> [apiv2][query] GET https://firebase.googleapis.com/v1beta1/projects/dashboard-33d8e [none]
[debug] [2023-05-03T02:59:00.989Z] <<< [apiv2][status] GET https://firebase.googleapis.com/v1beta1/projects/dashboard-33d8e 200
[debug] [2023-05-03T02:59:00.989Z] <<< [apiv2][body] GET https://firebase.googleapis.com/v1beta1/projects/dashboard-33d8e {"projectId":"dashboard-33d8e","projectNumber":"82198380910","displayName":"Dashboard","name":"projects/dashboard-33d8e","resources":{"hostingSite":"dashboard-33d8e","realtimeDatabaseInstance":"dashboard-33d8e-default-rtdb","storageBucket":"dashboard-33d8e.appspot.com","locationId":"us-central"},"state":"ACTIVE","etag":"1_1b84f329-ad4d-4ee7-89b8-2334c4b46f97"}
[info] 
[info] === Deploying to 'dashboard-33d8e'...
[info] 
[info] i  deploying database, firestore, hosting 
[info] i  database: checking rules syntax... 
[debug] [2023-05-03T02:59:01.014Z] >>> [apiv2][query] GET https://firebasedatabase.googleapis.com/v1beta/projects/dashboard-33d8e/locations/-/instances/dashboard-33d8e-default-rtdb [none]
[debug] [2023-05-03T02:59:01.607Z] <<< [apiv2][status] GET https://firebasedatabase.googleapis.com/v1beta/projects/dashboard-33d8e/locations/-/instances/dashboard-33d8e-default-rtdb 200
[debug] [2023-05-03T02:59:01.607Z] <<< [apiv2][body] GET https://firebasedatabase.googleapis.com/v1beta/projects/dashboard-33d8e/locations/-/instances/dashboard-33d8e-default-rtdb {"name":"projects/82198380910/locations/us-central1/instances/dashboard-33d8e-default-rtdb","project":"projects/82198380910","databaseUrl":"https://dashboard-33d8e-default-rtdb.firebaseio.com","type":"DEFAULT_DATABASE","state":"DISABLED"}
[debug] [2023-05-03T02:59:01.611Z] >>> [apiv2][query] PUT https://dashboard-33d8e-default-rtdb.firebaseio.com/.settings/rules.json dryRun=true
[debug] [2023-05-03T02:59:01.611Z] >>> [apiv2][body] PUT https://dashboard-33d8e-default-rtdb.firebaseio.com/.settings/rules.json "{\n  \"rules\": {\n    \".read\": true,\n    \".write\": false\n  }\n}"
[debug] [2023-05-03T02:59:01.797Z] <<< [apiv2][status] PUT https://dashboard-33d8e-default-rtdb.firebaseio.com/.settings/rules.json 200
[debug] [2023-05-03T02:59:01.798Z] <<< [apiv2][body] PUT https://dashboard-33d8e-default-rtdb.firebaseio.com/.settings/rules.json {"status":"ok"}
[info] +  database: rules syntax for database dashboard-33d8e-default-rtdb is valid 
[info] i  firestore: reading indexes from firestore.indexes.json... 
[info] i  cloud.firestore: checking firestore.rules for compilation errors... 
[debug] [2023-05-03T02:59:01.836Z] >>> [apiv2][query] POST https://firebaserules.googleapis.com/v1/projects/dashboard-33d8e:test [none]
[debug] [2023-05-03T02:59:01.837Z] >>> [apiv2][body] POST https://firebaserules.googleapis.com/v1/projects/dashboard-33d8e:test [omitted]
[debug] [2023-05-03T02:59:02.319Z] <<< [apiv2][status] POST https://firebaserules.googleapis.com/v1/projects/dashboard-33d8e:test 200
[debug] [2023-05-03T02:59:02.319Z] <<< [apiv2][body] POST https://firebaserules.googleapis.com/v1/projects/dashboard-33d8e:test {}
[info] +  cloud.firestore: rules file firestore.rules compiled successfully 
[error] 
[error] Error: Assertion failed: resolving hosting target of a site with no site name or target name. This should have caused an error earlier
